Received request for 1759484359586: /
 Received request for 1759484386777: /contact?contact=jyo+with_vigneh

 Received request for 1764995818489: /
 Received request for 1764997217752: /
 Received request for 1764997235308: /search?q=java+script
 Received request for 1767420054136: /
 Received request for 1767420054829: /apple-touch-icon-precomposed.png
 Received request for 1767420054871: /apple-touch-icon.png
 Received request for 1767420068930: /
 Received request for 1767420069153: /about
 Received request for 1767420070033: /about
 Received request for 1767420092477: /about:jyo
 Received request for 1767420115080: /
 Received request for 1767420122851: /
 Received request for 1767420125415: /about:jyo
 Received request for 1767420125740: /about
 Received request for 1767420140806: /about
 Received request for 1767420151752: /about?user=jyo
 Received request for 1767420158825: /about&user=jyo
 Received request for 1767420166057: /about?user=jyo
 Received request for 1767420209519: /about?name=jyo
 Received request for 1767420220530: /
 Received request for 1767420235808: /contact?contact=8919340024
 Received request for 1767420248021: /contact?contact=8919340024
 Received request for 1767420248834: /
 Received request for 1767420249325: /search?q=java+script
 Received request for 1767420252558: /search?q=java+script
 